<?xml version="1.0" encoding="UTF-8"?>
<!-- Generated by org.testng.reporters.JUnitXMLReporter -->
<testsuite hostname="INC00752" ignored="1" name="Default test" tests="2" failures="0" timestamp="28 Dec 2017 09:01:56 GMT" time="27.569" errors="0">
  <testcase name="test1" time="1.032" classname="com.incture.proj.testNg.DemoTher"/>
  <testcase name="test2" time="0.603" classname="com.incture.proj.testNg.DemoTher"/>
  <testcase name="test3" time="0.0" classname="com.incture.proj.testNg.DemoTher">
    <ignored/>
  </testcase> <!-- test3 -->
</testsuite> <!-- Default test -->
