<?xml version="1.0" encoding="UTF-8"?>
<testng-results skipped="0" failed="0" ignored="0" total="2" passed="2">
  <reporter-output>
  </reporter-output>
  <suite name="Default suite" duration-ms="1271" started-at="2017-12-27T14:29:26Z" finished-at="2017-12-27T14:29:28Z">
    <groups>
    </groups>
    <test name="Default test" duration-ms="1271" started-at="2017-12-27T14:29:26Z" finished-at="2017-12-27T14:29:28Z">
      <class name="com.incture.proj.testNg.AnnotationTestNGImpl2">
        <test-method status="PASS" signature="beforeMethod()[pri:0, instance:com.incture.proj.testNg.AnnotationTestNGImpl2@4f933fd1]" name="beforeMethod" is-config="true" duration-ms="7" started-at="2017-12-27T19:59:26Z" finished-at="2017-12-27T19:59:26Z">
          <reporter-output>
          </reporter-output>
        </test-method> <!-- beforeMethod -->
        <test-method status="PASS" signature="test1()[pri:0, instance:com.incture.proj.testNg.AnnotationTestNGImpl2@4f933fd1]" name="test1" duration-ms="758" started-at="2017-12-27T19:59:26Z" finished-at="2017-12-27T19:59:27Z">
          <reporter-output>
          </reporter-output>
        </test-method> <!-- test1 -->
        <test-method status="PASS" signature="afterMethod()[pri:0, instance:com.incture.proj.testNg.AnnotationTestNGImpl2@4f933fd1]" name="afterMethod" is-config="true" duration-ms="1" started-at="2017-12-27T19:59:28Z" finished-at="2017-12-27T19:59:28Z">
          <reporter-output>
          </reporter-output>
        </test-method> <!-- afterMethod -->
        <test-method status="PASS" signature="test2()[pri:0, instance:com.incture.proj.testNg.AnnotationTestNGImpl2@4f933fd1]" name="test2" duration-ms="5" started-at="2017-12-27T19:59:28Z" finished-at="2017-12-27T19:59:28Z">
          <reporter-output>
          </reporter-output>
        </test-method> <!-- test2 -->
        <test-method status="PASS" signature="beforeMethod()[pri:0, instance:com.incture.proj.testNg.AnnotationTestNGImpl2@4f933fd1]" name="beforeMethod" is-config="true" duration-ms="0" started-at="2017-12-27T19:59:28Z" finished-at="2017-12-27T19:59:28Z">
          <reporter-output>
          </reporter-output>
        </test-method> <!-- beforeMethod -->
        <test-method status="PASS" signature="afterMethod()[pri:0, instance:com.incture.proj.testNg.AnnotationTestNGImpl2@4f933fd1]" name="afterMethod" is-config="true" duration-ms="0" started-at="2017-12-27T19:59:28Z" finished-at="2017-12-27T19:59:28Z">
          <reporter-output>
          </reporter-output>
        </test-method> <!-- afterMethod -->
      </class> <!-- com.incture.proj.testNg.AnnotationTestNGImpl2 -->
    </test> <!-- Default test -->
  </suite> <!-- Default suite -->
</testng-results>
